1,ckb1qyqrvat5wwep9dkc9nwpf3525fzlvlsjdm2slnv5te,0x5f760cb0ebb6251f3cba589e683e6fd1eff91e43783172a7911b979c905e59cb
2,ckb1qyqw0mf5uvmmy3gazmpcekn6pzld2y2vx5fqz6jyh9,0xb33f2f3e04296c11a50401f750f5b7bff1be838138891865de1fdc493269bec1
3,ckb1qyqrvat5wwep9dkc9nwpf3525fzlvlsjdm2slnv5te,0x5f760cb0ebb6251f3cba589e683e6fd1eff91e43783172a7911b979c905e59cb
4,ckb1qyqrvat5wwep9dkc9nwpf3525fzlvlsjdm2slnv5te,0x5f760cb0ebb6251f3cba589e683e6fd1eff91e43783172a7911b979c905e59cb
5,ckb1qyqw0mf5uvmmy3gazmpcekn6pzld2y2vx5fqz6jyh9,0xb33f2f3e04296c11a50401f750f5b7bff1be838138891865de1fdc493269bec1
6,ckb1qyqrvat5wwep9dkc9nwpf3525fzlvlsjdm2slnv5te,0x5f760cb0ebb6251f3cba589e683e6fd1eff91e43783172a7911b979c905e59cb
7,ckb1qyqrvat5wwep9dkc9nwpf3525fzlvlsjdm2slnv5te,0x5f760cb0ebb6251f3cba589e683e6fd1eff91e43783172a7911b979c905e59cb
8,ckb1qyqw0mf5uvmmy3gazmpcekn6pzld2y2vx5fqz6jyh9,0xb33f2f3e04296c11a50401f750f5b7bff1be838138891865de1fdc493269bec1
9,ckb1qyqw0mf5uvmmy3gazmpcekn6pzld2y2vx5fqz6jyh9,0xb33f2f3e04296c11a50401f750f5b7bff1be838138891865de1fdc493269bec1
10,ckb1qyqw0mf5uvmmy3gazmpcekn6pzld2y2vx5fqz6jyh9,0xb33f2f3e04296c11a50401f750f5b7bff1be838138891865de1fdc493269bec1
11,ckb1qyqrvat5wwep9dkc9nwpf3525fzlvlsjdm2slnv5te,0x5f760cb0ebb6251f3cba589e683e6fd1eff91e43783172a7911b979c905e59cb
12,ckb1qyqw0mf5uvmmy3gazmpcekn6pzld2y2vx5fqz6jyh9,0xb33f2f3e04296c11a50401f750f5b7bff1be838138891865de1fdc493269bec1
13,ckb1qyqw0mf5uvmmy3gazmpcekn6pzld2y2vx5fqz6jyh9,0xb33f2f3e04296c11a50401f750f5b7bff1be838138891865de1fdc493269bec1
14,ckb1qyqw0mf5uvmmy3gazmpcekn6pzld2y2vx5fqz6jyh9,0xb33f2f3e04296c11a50401f750f5b7bff1be838138891865de1fdc493269bec1
15,ckb1qyqw0mf5uvmmy3gazmpcekn6pzld2y2vx5fqz6jyh9,0xb33f2f3e04296c11a50401f750f5b7bff1be838138891865de1fdc493269bec1
16,ckb1qyqrvat5wwep9dkc9nwpf3525fzlvlsjdm2slnv5te,0x5f760cb0ebb6251f3cba589e683e6fd1eff91e43783172a7911b979c905e59cb
17,ckb1qyqrvat5wwep9dkc9nwpf3525fzlvlsjdm2slnv5te,0x5f760cb0ebb6251f3cba589e683e6fd1eff91e43783172a7911b979c905e59cb
18,ckb1qyqrvat5wwep9dkc9nwpf3525fzlvlsjdm2slnv5te,0x5f760cb0ebb6251f3cba589e683e6fd1eff91e43783172a7911b979c905e59cb
19,ckb1qyqw0mf5uvmmy3gazmpcekn6pzld2y2vx5fqz6jyh9,0xb33f2f3e04296c11a50401f750f5b7bff1be838138891865de1fdc493269bec1
20,ckb1qyqw0mf5uvmmy3gazmpcekn6pzld2y2vx5fqz6jyh9,0xb33f2f3e04296c11a50401f750f5b7bff1be838138891865de1fdc493269bec1
21,ckb1qyqw0mf5uvmmy3gazmpcekn6pzld2y2vx5fqz6jyh9,0xb33f2f3e04296c11a50401f750f5b7bff1be838138891865de1fdc493269bec1
22,ckb1qyqqqqdvcutavsjwumhamp8qckl0hrjy4zwqzlw9pc,0xe06adc6d64a649414a29a92413ad091b826eb84ac235056988dd0ab8daa7559c
23,ckb1qyqw0mf5uvmmy3gazmpcekn6pzld2y2vx5fqz6jyh9,0xb33f2f3e04296c11a50401f750f5b7bff1be838138891865de1fdc493269bec1
24,ckb1qyqrvat5wwep9dkc9nwpf3525fzlvlsjdm2slnv5te,0x5f760cb0ebb6251f3cba589e683e6fd1eff91e43783172a7911b979c905e59cb
25,ckb1qyqrvat5wwep9dkc9nwpf3525fzlvlsjdm2slnv5te,0x5f760cb0ebb6251f3cba589e683e6fd1eff91e43783172a7911b979c905e59cb
26,ckb1qyqw0mf5uvmmy3gazmpcekn6pzld2y2vx5fqz6jyh9,0xb33f2f3e04296c11a50401f750f5b7bff1be838138891865de1fdc493269bec1
27,ckb1qyqw0mf5uvmmy3gazmpcekn6pzld2y2vx5fqz6jyh9,0xb33f2f3e04296c11a50401f750f5b7bff1be838138891865de1fdc493269bec1
28,ckb1qyqp4eye5c6uakhr7x0qr4alecegv0ex98jq7pa5zl,0x84bfdeece74a8cc44c608f435e769dad89cf8a62a3ba5f3c3374138c7f98a76e
29,ckb1qyqp4eye5c6uakhr7x0qr4alecegv0ex98jq7pa5zl,0x84bfdeece74a8cc44c608f435e769dad89cf8a62a3ba5f3c3374138c7f98a76e
30,ckb1qyqp4eye5c6uakhr7x0qr4alecegv0ex98jq7pa5zl,0x84bfdeece74a8cc44c608f435e769dad89cf8a62a3ba5f3c3374138c7f98a76e
31,ckb1qyqp4eye5c6uakhr7x0qr4alecegv0ex98jq7pa5zl,0x84bfdeece74a8cc44c608f435e769dad89cf8a62a3ba5f3c3374138c7f98a76e
32,ckb1qyqp4eye5c6uakhr7x0qr4alecegv0ex98jq7pa5zl,0x84bfdeece74a8cc44c608f435e769dad89cf8a62a3ba5f3c3374138c7f98a76e
33,ckb1qyqp4eye5c6uakhr7x0qr4alecegv0ex98jq7pa5zl,0x84bfdeece74a8cc44c608f435e769dad89cf8a62a3ba5f3c3374138c7f98a76e
34,ckb1qyqqqqdvcutavsjwumhamp8qckl0hrjy4zwqzlw9pc,0xe06adc6d64a649414a29a92413ad091b826eb84ac235056988dd0ab8daa7559c
35,ckb1qyqp4eye5c6uakhr7x0qr4alecegv0ex98jq7pa5zl,0x84bfdeece74a8cc44c608f435e769dad89cf8a62a3ba5f3c3374138c7f98a76e
36,ckb1qyqp4eye5c6uakhr7x0qr4alecegv0ex98jq7pa5zl,0x84bfdeece74a8cc44c608f435e769dad89cf8a62a3ba5f3c3374138c7f98a76e
37,ckb1qyqrvat5wwep9dkc9nwpf3525fzlvlsjdm2slnv5te,0x5f760cb0ebb6251f3cba589e683e6fd1eff91e43783172a7911b979c905e59cb
38,ckb1qyqrvat5wwep9dkc9nwpf3525fzlvlsjdm2slnv5te,0x5f760cb0ebb6251f3cba589e683e6fd1eff91e43783172a7911b979c905e59cb
39,ckb1qyqqqqdvcutavsjwumhamp8qckl0hrjy4zwqzlw9pc,0xe06adc6d64a649414a29a92413ad091b826eb84ac235056988dd0ab8daa7559c
40,ckb1qyqqqqdvcutavsjwumhamp8qckl0hrjy4zwqzlw9pc,0xe06adc6d64a649414a29a92413ad091b826eb84ac235056988dd0ab8daa7559c
41,ckb1qyqxtq3klrhkqtlcqsr5q2f8ue5tx8wsfg6qe3xqq6,0xc9a17778b99b59067af358390da31f4de29ea669e93d19b199948ee4a1f51c40
42,ckb1qyqqqqdvcutavsjwumhamp8qckl0hrjy4zwqzlw9pc,0xe06adc6d64a649414a29a92413ad091b826eb84ac235056988dd0ab8daa7559c
43,ckb1qyqxtq3klrhkqtlcqsr5q2f8ue5tx8wsfg6qe3xqq6,0xc9a17778b99b59067af358390da31f4de29ea669e93d19b199948ee4a1f51c40
44,ckb1qyqf2qr9s7j3r2y9hpjhwvl3vy6gtpz7qefq6nt2wq,0x16dd15cda822e307771621a1edc6d8a2dbf52299a690a38a35db1a1cbe0147b0
45,ckb1qyqxtq3klrhkqtlcqsr5q2f8ue5tx8wsfg6qe3xqq6,0xc9a17778b99b59067af358390da31f4de29ea669e93d19b199948ee4a1f51c40
46,ckb1qyqf2qr9s7j3r2y9hpjhwvl3vy6gtpz7qefq6nt2wq,0x16dd15cda822e307771621a1edc6d8a2dbf52299a690a38a35db1a1cbe0147b0
47,ckb1qyqxtq3klrhkqtlcqsr5q2f8ue5tx8wsfg6qe3xqq6,0xc9a17778b99b59067af358390da31f4de29ea669e93d19b199948ee4a1f51c40
48,ckb1qyqf2qr9s7j3r2y9hpjhwvl3vy6gtpz7qefq6nt2wq,0x16dd15cda822e307771621a1edc6d8a2dbf52299a690a38a35db1a1cbe0147b0
49,ckb1qyqf2qr9s7j3r2y9hpjhwvl3vy6gtpz7qefq6nt2wq,0x16dd15cda822e307771621a1edc6d8a2dbf52299a690a38a35db1a1cbe0147b0
50,ckb1qyqxtq3klrhkqtlcqsr5q2f8ue5tx8wsfg6qe3xqq6,0xc9a17778b99b59067af358390da31f4de29ea669e93d19b199948ee4a1f51c40
51,ckb1qyqf2qr9s7j3r2y9hpjhwvl3vy6gtpz7qefq6nt2wq,0x16dd15cda822e307771621a1edc6d8a2dbf52299a690a38a35db1a1cbe0147b0
52,ckb1qyqrvat5wwep9dkc9nwpf3525fzlvlsjdm2slnv5te,0x5f760cb0ebb6251f3cba589e683e6fd1eff91e43783172a7911b979c905e59cb
53,ckb1qyqxtq3klrhkqtlcqsr5q2f8ue5tx8wsfg6qe3xqq6,0xc9a17778b99b59067af358390da31f4de29ea669e93d19b199948ee4a1f51c40
54,ckb1qyqrvat5wwep9dkc9nwpf3525fzlvlsjdm2slnv5te,0x5f760cb0ebb6251f3cba589e683e6fd1eff91e43783172a7911b979c905e59cb
55,ckb1qyqxtq3klrhkqtlcqsr5q2f8ue5tx8wsfg6qe3xqq6,0xc9a17778b99b59067af358390da31f4de29ea669e93d19b199948ee4a1f51c40
56,ckb1qyqf2qr9s7j3r2y9hpjhwvl3vy6gtpz7qefq6nt2wq,0x16dd15cda822e307771621a1edc6d8a2dbf52299a690a38a35db1a1cbe0147b0
57,ckb1qyqf2qr9s7j3r2y9hpjhwvl3vy6gtpz7qefq6nt2wq,0x16dd15cda822e307771621a1edc6d8a2dbf52299a690a38a35db1a1cbe0147b0
58,ckb1qyqrvat5wwep9dkc9nwpf3525fzlvlsjdm2slnv5te,0x5f760cb0ebb6251f3cba589e683e6fd1eff91e43783172a7911b979c905e59cb
59,ckb1qyqrvat5wwep9dkc9nwpf3525fzlvlsjdm2slnv5te,0x5f760cb0ebb6251f3cba589e683e6fd1eff91e43783172a7911b979c905e59cb
60,ckb1qyqxtq3klrhkqtlcqsr5q2f8ue5tx8wsfg6qe3xqq6,0xc9a17778b99b59067af358390da31f4de29ea669e93d19b199948ee4a1f51c40
61,ckb1qyqf2qr9s7j3r2y9hpjhwvl3vy6gtpz7qefq6nt2wq,0x16dd15cda822e307771621a1edc6d8a2dbf52299a690a38a35db1a1cbe0147b0
62,ckb1qyqxtq3klrhkqtlcqsr5q2f8ue5tx8wsfg6qe3xqq6,0xc9a17778b99b59067af358390da31f4de29ea669e93d19b199948ee4a1f51c40
63,ckb1qyqf2qr9s7j3r2y9hpjhwvl3vy6gtpz7qefq6nt2wq,0x16dd15cda822e307771621a1edc6d8a2dbf52299a690a38a35db1a1cbe0147b0
64,ckb1qyqf2qr9s7j3r2y9hpjhwvl3vy6gtpz7qefq6nt2wq,0x16dd15cda822e307771621a1edc6d8a2dbf52299a690a38a35db1a1cbe0147b0
65,ckb1qyqxtq3klrhkqtlcqsr5q2f8ue5tx8wsfg6qe3xqq6,0xc9a17778b99b59067af358390da31f4de29ea669e93d19b199948ee4a1f51c40
66,ckb1qyqxtq3klrhkqtlcqsr5q2f8ue5tx8wsfg6qe3xqq6,0xc9a17778b99b59067af358390da31f4de29ea669e93d19b199948ee4a1f51c40
67,ckb1qyqxtq3klrhkqtlcqsr5q2f8ue5tx8wsfg6qe3xqq6,0xc9a17778b99b59067af358390da31f4de29ea669e93d19b199948ee4a1f51c40
68,ckb1qyqxtq3klrhkqtlcqsr5q2f8ue5tx8wsfg6qe3xqq6,0xc9a17778b99b59067af358390da31f4de29ea669e93d19b199948ee4a1f51c40
69,ckb1qyqf2qr9s7j3r2y9hpjhwvl3vy6gtpz7qefq6nt2wq,0x16dd15cda822e307771621a1edc6d8a2dbf52299a690a38a35db1a1cbe0147b0
70,ckb1qyqxtq3klrhkqtlcqsr5q2f8ue5tx8wsfg6qe3xqq6,0xc9a17778b99b59067af358390da31f4de29ea669e93d19b199948ee4a1f51c40
71,ckb1qyqf2qr9s7j3r2y9hpjhwvl3vy6gtpz7qefq6nt2wq,0x16dd15cda822e307771621a1edc6d8a2dbf52299a690a38a35db1a1cbe0147b0
72,ckb1qyqxtq3klrhkqtlcqsr5q2f8ue5tx8wsfg6qe3xqq6,0xc9a17778b99b59067af358390da31f4de29ea669e93d19b199948ee4a1f51c40
73,ckb1qyqf2qr9s7j3r2y9hpjhwvl3vy6gtpz7qefq6nt2wq,0x16dd15cda822e307771621a1edc6d8a2dbf52299a690a38a35db1a1cbe0147b0
74,ckb1qyqxtq3klrhkqtlcqsr5q2f8ue5tx8wsfg6qe3xqq6,0xc9a17778b99b59067af358390da31f4de29ea669e93d19b199948ee4a1f51c40
75,ckb1qyqf2qr9s7j3r2y9hpjhwvl3vy6gtpz7qefq6nt2wq,0x16dd15cda822e307771621a1edc6d8a2dbf52299a690a38a35db1a1cbe0147b0
76,ckb1qyqxtq3klrhkqtlcqsr5q2f8ue5tx8wsfg6qe3xqq6,0xc9a17778b99b59067af358390da31f4de29ea669e93d19b199948ee4a1f51c40
77,ckb1qyqf2qr9s7j3r2y9hpjhwvl3vy6gtpz7qefq6nt2wq,0x16dd15cda822e307771621a1edc6d8a2dbf52299a690a38a35db1a1cbe0147b0
78,ckb1qyqxtq3klrhkqtlcqsr5q2f8ue5tx8wsfg6qe3xqq6,0xc9a17778b99b59067af358390da31f4de29ea669e93d19b199948ee4a1f51c40
79,ckb1qyqf2qr9s7j3r2y9hpjhwvl3vy6gtpz7qefq6nt2wq,0x16dd15cda822e307771621a1edc6d8a2dbf52299a690a38a35db1a1cbe0147b0
80,ckb1qyqxtq3klrhkqtlcqsr5q2f8ue5tx8wsfg6qe3xqq6,0xc9a17778b99b59067af358390da31f4de29ea669e93d19b199948ee4a1f51c40
81,ckb1qyqf2qr9s7j3r2y9hpjhwvl3vy6gtpz7qefq6nt2wq,0x16dd15cda822e307771621a1edc6d8a2dbf52299a690a38a35db1a1cbe0147b0
82,ckb1qyqxtq3klrhkqtlcqsr5q2f8ue5tx8wsfg6qe3xqq6,0xc9a17778b99b59067af358390da31f4de29ea669e93d19b199948ee4a1f51c40
83,ckb1qyqf2qr9s7j3r2y9hpjhwvl3vy6gtpz7qefq6nt2wq,0x16dd15cda822e307771621a1edc6d8a2dbf52299a690a38a35db1a1cbe0147b0
84,ckb1qyqxtq3klrhkqtlcqsr5q2f8ue5tx8wsfg6qe3xqq6,0xc9a17778b99b59067af358390da31f4de29ea669e93d19b199948ee4a1f51c40
85,ckb1qyqf2qr9s7j3r2y9hpjhwvl3vy6gtpz7qefq6nt2wq,0x16dd15cda822e307771621a1edc6d8a2dbf52299a690a38a35db1a1cbe0147b0
