ckb1qyqxtq3klrhkqtlcqsr5q2f8ue5tx8wsfg6qe3xqq6,2424335796838416,0xc9a17778b99b59067af358390da31f4de29ea669e93d19b199948ee4a1f51c40,468919
ckb1qyqf2qr9s7j3r2y9hpjhwvl3vy6gtpz7qefq6nt2wq,1592073477289413,0x16dd15cda822e307771621a1edc6d8a2dbf52299a690a38a35db1a1cbe0147b0,307941
ckb1qyqp4eye5c6uakhr7x0qr4alecegv0ex98jq7pa5zl,1075827268047660,0x84bfdeece74a8cc44c608f435e769dad89cf8a62a3ba5f3c3374138c7f98a76e,208088
ckb1qyqw0mf5uvmmy3gazmpcekn6pzld2y2vx5fqz6jyh9,885881155093363,0xb33f2f3e04296c11a50401f750f5b7bff1be838138891865de1fdc493269bec1,171348
ckb1qyqfgzlq03v2agzyt9gxhnulg44rfn439ndqmxlqmm,811294887374977,0x91290300d8fd464b4665d66ded88eecd54ac2d9ae5694f3a844c4e804055f6be,156922
ckb1qyqy5dr9z7m83q5a66myk7t3zlju8klyw8psufuskg,620929915010940,0xe1f513efa0f26d35870676497c6d2b44b3f2c05dab7a04ce76684e601797e9b8,120101
ckb1qyqrvat5wwep9dkc9nwpf3525fzlvlsjdm2slnv5te,525792056176432,0x5f760cb0ebb6251f3cba589e683e6fd1eff91e43783172a7911b979c905e59cb,101699
ckb1qyqqqqdvcutavsjwumhamp8qckl0hrjy4zwqzlw9pc,421903570813213,0xe06adc6d64a649414a29a92413ad091b826eb84ac235056988dd0ab8daa7559c,81605
ckb1qyqx4k7q9ktyxf8c80m3tu7jmjyry252mhxqase72f,364773734959053,0x8f73a48072b291d14d04f1b38d2d4261dc70bc1f0366f3d57c461333019e4cf4,70555
ckb1qyqy800lxa3xgn0a9tgtfmyjxplq32w264kqcjvwdx,333982521540050,0x3be86dac8422b99feaa00ff53977769766bccf8551d5f4769db3a0041d30c964,64599
ckb1qyqg7qq8gzvt559xnkkgnscjpxeernrl56tsf4nfsp,230854782860192,0xf56f5a363810672f092511280913cced139dd79e49540ed010d8e50e40490c04,44652
ckb1qyqrfrxm8mtj22zys6etdkn604n2x7sc7hqq53d3e7,149104376843895,0x6806914ad238223cc357221e0356b788c30a371bdfa313c55fc928dc41ea41c0,28840
ckb1qyqrmenwr2qf4ysxtq0gllpxdtdtvn2f8dxs80gkhg,147461651218912,0x0c5c809a79340cd42d17c8262b7b0a0d3616f5f4a5d2b73dc7372405522ed523,28522
ckb1qyqpz5zazmkl7elptqeslmu6lsjnpzuwzussxe8w5m,112794386315391,0x05d929c0e83656a110ef5efffb28f136dd6e0eca154060436c6965797b50adec,21816
ckb1qyqwnq822l6y99q933y3xuylf6gez3awszssk8spvx,43545966235809,0x67e1bd8cf994fb7db0b13ec57d363819c08688d7d96ce933089c8de17b416d4d,8422
ckb1qyqrqdw8erqpavelse70akm2ms245gzl9tjqg22sq3,32594161625489,0x6bebaa5e9d0ced21f42bbbcea63a21fd60c8a176f5a346b2b2a5140ee8a790da,6304
ckb1qyqg35a5wwhdxdxjscu0v9d763s54ewf7vds2q6g9a,31790883966075,0x70d351af8b5fd01a140192b69cd833420e3bf68ecc2207702601fd58cd537ab7,6149
ckb1qyqd7mu3kzyddl85h95suy6fx74nmzaq3pjql47y3p,30852407614059,0x3c24e7b050112f82bbd65aef9779649d0bf35e29ad53963dc63e111678fed47a,5967
ckb1qyqdeyg7e6y4328x8y5hka4ajr5hszak60ts83ve2h,28416690751945,0x18e9476bf3dd579bfbf55ceb8de0af3340435328b95f619e62508b5de6a6573d,5496
ckb1qyqvy79h9avgmn97zpc8ae9cfphdnyr68pcsznh05y,26180841710238,0xe13ed48aa7f25150d36aa9f972c1881e433569ae47bbc848868abef66543b55e,5063
ckb1qyq2wj8prvzjnwj3vq7g8ylzjansq4dey7wqlkt7rc,25019381356760,0xb018541bd0b9620affa3c65387453c03ebe7c7443b634589382706407878eb41,4839
ckb1qyq90rxqgtxz09fpsp97tpm73l5xu994kfdsc9ckwp,22802027733286,0x39c35008aee5b894acbb4a803b9ea44164f27b4b99673d6e4021307b023e235b,4410
ckb1qyqd5eyygtdmwdr7ge736zw6z0ju6wsw7rsspzh8q9,21572192793034,0xa430e37ac773c6c9c0b3dc44330a39fda04b6c703ea218ec26e6622375c58dd8,4172
ckb1qyqwd7m8wmgme0sz5dtkncjjcnkjtn7j2vvqe090a9,20382213550651,0x368738be9872b946eee5661329083da4fab916bb589a959b555c71fe8a768882,3942
ckb1qyq8xesqxpk5637f27c6l5c6cwurkw9d5mfsh8464f,17924229444541,0x8dbf53a7f60bf7797cc6209a7eba627634f2f14d2b930e92a1f098f97362645e,3466
ckb1qyqg6a2y42w089mrvwtgqrmw4fmxtpu8hrhsh002f0,16686710859538,0x89376d7611f71cf71fcf2f1fbbb9bcf5ad93edb2746e8db4042c7e916dcbc6ea,3227
ckb1qyqt0ya2v24r4ttvz2pq0mlvved37hqw4k5sg33vmr,14825297714464,0xbf354ae932c1e47e1c0fffae085d7f30bab14fd4dd054059ac673755e81af189,2867
ckb1qyqfyxcmutz9nl0vflt4cfngyp3qgu5fs8pswltgvj,14724686291991,0x73fefe01924b2fb9c6aa0db46ae903ec34062dd73ebab1266d09f8282506e529,2848
ckb1qyqdlykn7zhp2k8jy37nu7lt4a8ezt0ujqpsltq2jw,14684780231781,0x94c8af0cd842ab34a37d36e11a7136df1b02e5e5c45b3fa5fd7d92ef4efe82cf,2840
ckb1qyqq9jvt2h9j7k4s9hvwtsywxdmc4t7rky4sj4gwtm,14220020048817,0xead4821ab9f8b4515b0e0f2982bf74b490342a74c703a259fb37c83f7945a199,2750
ckb1qyqf6vuvskf92sfzyuqrhnujs3kmq9cw8rysrvukru,12576603588075,0x10ccd574f94f2a6b8b6976a520d56de5c480606ea11e2a666be46c25416982e5,2432
ckb1qyqguvauc59s3wtxy6hq00va3z3dk9rufxrs2muswu,11414521293613,0x4ba75875b48bf071bd19c49983832629926e11c72e84a3fea9f5964ecd7c134a,2207
ckb1qyqzlyau66fqcyrd54n8ffkuq0c4a2h0ynxqwzkl0s,9905907728259,0x80841fa8e1ff1aa3f22a0ca95a5d5be38ccec64f51ac4bb05964ec52a4fe1c58,1916
ckb1qyqtfz7t2wmgt8s7xgk3a8sqlp5d85tm2u8s4aa0kn,9283816086662,0x40bbef7c066056068edf083b4207337535c7e926d820209f671833d6fcbdec96,1795
ckb1qyqz92ktkp5c6wtc7s97sp8vdmq4459z73es5kjw3e,9165132042665,0xd37ade1e9cb62ad676cb57587d929e56332598a583f53c45a282eadbb2fe74cb,1772
ckb1qyq2sl7u0vsv4xsjj9dctyunsy8mp7fsh5vq82s6sw,9153933226312,0xb771af9e96c35d72e6b7cd8835369411ac12abec9e938926e388aca4351149d8,1770
ckb1qyq8mpjcpd2phvsa24sreadx7dxf2zcdrpnqd6zhqk,9085016599379,0x133a6b97872703a302a545f3813629dea0a2ef63c2af7f3be981ee602cc5b0f5,1757
ckb1qyqvtkgftj6rpweujcj6gy5dq0sl0xkdmraqavutlf,8851990970693,0xb77ed4c03a89454321590fe4259e7aaf488ea1d8afc7edf602928f45dd7c96c2,1712
ckb1qyqga7eykxpf9puzxk5dfyttsdz692fmhn7qntjgv0,8163758769641,0xae18a00006fb885dec989910e8f89afd547fbb7c0bd571252a4fa109059a1b7a,1579
ckb1qyqgh4mkuaq3v06fpqwgvtrh3ve7e58862qqt963dz,7988417335064,0xf31ba7e0594f6fd3ddcf67b32aea79c629cfaa77840be2cced1b88e26b9cdecb,1545
ckb1qyq9r4es7h95z47eehuqg9dnew77cr456krqdqlgkt,7677148688690,0x1eff49911361aea9ce45e1b8e4003c0654220f8c5ed512980c53468a04a0fd96,1484
ckb1qyq89g4xng80u2aplql42r0s7gp36dwd3udq8qzk2c,6835022095867,0x60e82242d246ab0ab43bcd4211f2aa5b05dd33c51b37f282fae82eda9cccfa2d,1322
ckb1qyqxq2wejdh4v0n9cka6slvje4arcl52sjfq9l9kxf,5858264087500,0x8ac5bd17440a06112005a0cf701864ed08bc2335d09419adc4ea47ed970811aa,1133
ckb1qyqpwn0pdyttdn5ds08vpna9nxkq69vmzx9s7eg9h9,5775821387718,0x58f86269d7e8324f7a5c5519f146ce68a995524b03e96ec8dd44c835d3ec6b7a,1117
ckb1qyq9h9wmupyrgycchsa3w0ts203j0jaf839qkcjerh,4969503471604,0x2d5c070d8d218e885ed66332c6b9817c851dff3b9cebb152f6873c67f3084fc8,961
ckb1qyqternnxwn7mr0jvxn535afqcaq0lxsp8qqpmvzkc,4785098272446,0xddb80063ac9adb59f0976ca652e5b9d483b5691c12204a60adf903c550579d9c,925
ckb1qyq056hpysc2am6frhs0m5wuajh6k9yc74mq5tzu0s,4433295888293,0x2cf0fc44ea017633b774538f40ad2c9f56056806ae1a83213fb82eea7673a484,857
ckb1qyqf2cx758x8qgku9ldu07775kfmqezjl0yst38r3r,4043925340602,0xc439ff3c050ae96abbccd03114e5f024b13b554b3968e6197ac5c8b6ce69cc75,782
ckb1qyqxnnazwqcsqqs4e27nu9stmaeujepk877q0qgx5q,3929167072058,0x4e43b4ddea831ef4e0c45c2d524937bcc005922c40c33cb39c662c96d302c306,759
ckb1qyqwc7kneveqfvxxeylgjm0dwf2lxpxrdmnspp9zpl,3772899290951,0xf2067273de51de6316d7ea72f5e9f451cb2dda30f7abad4cb1095feb0f17cd99,729
ckb1qyq98gr2gxk84jmf902zemthjxzs4g0x9q0ssh4nlq,3674389910982,0x7d04a133d0b9142a89241312a0a0e571b430e9ff6e93e6ff2379c29879fb3329,710
ckb1qyqg8t69aqm96x7pfgcswc7d2netmu6urv4qgg9mcf,3555841855571,0x0162f50af8964be1504df0e4197d253731068ad1aa1ca10af7762c2a16364ea5,687
ckb1qyqr09rdnc7ttfq4ru59tja06qgq74c2w2ssrxllwy,3552477056508,0xaac208276042ff752b1af7742cac599cdb247c7662caa6a2929255eaca6b189b,687
ckb1qyqxd6z4evdauxtf40a7qyy3vyy5guvfkztqg5lkpt,3478499892363,0x5feb6df65e4519197b304f4bd5a0b49475ea1248c371553d752346b5a1310070,672
ckb1qyq2wnhekg8qwhcpkc3wrr0lu9qpr0a4cu8q9lgyyz,3207268753355,0x6535735229be627fc611467b5403712fdea5e6d3f9e0127c3f954942a42b5cb5,620
ckb1qyqth9ufl9gquzh932cq0qyxxjqrxzhczrvqd32j5k,3172693368166,0x889105f8376ad50516fd9d8c38c7477849846e15829aae3a910a8c8d332fa467,613
ckb1qyqwytml8pvrpf672z4hl30afs6mzd83ap9s9y39gk,3028266222970,0xba2e8c0c8c39a58a606d1e1ca668c60f4b5289f3a02b23920b6762afde6b45c1,585
ckb1qyqpq8e2jh5wztleg5ymksjklk5423plwk6q990gmh,2978938915939,0xb44597d71017434af602ef1e554312ee1cb367c3689703ec38d539072ef433eb,576
ckb1qyq9t50cuw7lyy5z9eq5v5xn29xcv3ev6txqy2hczj,2874483932815,0x5fe86afbfed749c6775f9ad9ed28d755cc6e125b461a262e0662ca0cd3383a38,555
ckb1qyqrt8rtqgcm6vgqz0cddqnl9sw705t3gqyq8lfym9,2859718058654,0x223a351dec525a6abe43f8aedde1e9f7dc8d1d57906e38798885ab86b3060190,553
ckb1qyqfjp95r6luwfrra53vvc629845plcn0lrszxaf8a,2664091501579,0x4f7e81428e6f681b810dfe9f85da65bb41c4bb6a924949bd5af450eb82d54649,515
ckb1qyqf0lp5gg0677m0m4gptj83m9hwtj0czhpqjmqdd0,2589655926280,0x52e58e1494883c1ae545018d89711165ec25690fa6a137461e700207af0a2928,500
ckb1qyqq0y7l3g05e2gz0aldpfm0ns9jlaea07cquks6e9,2535842864305,0x663a110bc2f24e9519327581b70604eeb1147da1e8a9c0ae72fadecfbd6d6680,490
ckb1qyqx2tmp8xfxspykmyftdj07k49tu9clux5s3r8k39,2441650001530,0x9895024abb23ea230b6783670bacb2915abf3bcb3e0ee45804e4f98f15056d79,472
ckb1qyqqrk52ltsmjhq3yf2t8c2n452ykde5xdyqffpta3,2430624824453,0xc93430a09cddd5f0fedff7107dfaae5ee92622c751936bcd86fe1a8e59ecd9fb,470
ckb1qyqt7vhn373ca7j2dhyzucat99v3g3mrg6eqjzff8y,2329149114085,0xce7d0448bb4b6ca6ddf69f3c47ccac464716e18596022a623b9fedbc7d2de954,450
ckb1qyqwelupggzuv90peygugkjsxjjw5s03xkpsxcxc5h,2285249193288,0x088a90584fbe6304a8083f772cc18956b5b87122b2d697f17c3ddd4d7220fab1,442
ckb1qyqqxtrpkhfqy8lc0ecvswpg9d7vka809hzsgq9c26,2168920072751,0xa99d8781e242b60b1ee371ac53977328b334a1192dfe91afd58a264eefcc42b0,419
ckb1qyqtavsstjlqhdnyxa7pnhuhkur2ldrd03as92e83q,2013927367552,0x2d57e18ae331e5dbf196ea2e3dd85564be4b094e513a7a6e814beb17c537a63f,389
ckb1qyqt3qgjjcmw58r03437jye5pkq3gjdzgg0se3g5vd,1980302318948,0xa61cf2b5993436a3825caca54c9788bc84914b91713a8fa0af49179a66a4ff9a,383
ckb1qyq9pt4sgmhj6jy6rxd0wahfr0aq7fm5sfaqthcp6t,1957195585340,0x19dac58ef893f81d7ef26951107d37bd2a98119ecd83373bcc500b7cf7f6aee5,378
ckb1qyqf8tpyll44gvk08krs7fahjcfaf4mke3vqcr3zpv,1953236623108,0x7e3888831ea903b71afaa9f102abb7cee6fb8bb7f62b5c7f28ba4f95ad10e2cd,377
ckb1qyqf0kj6f3xgfvzzpwhj55l84vhtf8t4v6msfmyy97,1776309454784,0xb441a393f4d00e329b2e7698b7c951df697887e71d5ee0032ebfe22e4aede371,343
ckb1qyqdu930dpwm7ge4r9hk7fad95tzd5uaf3fs36dj4f,1716882707433,0x6bec15f4a3a196188d800815fbee3430a98b3e7f9374881b7c23327f1374df34,332
ckb1qyqdmuxvygp5nmf0erz8cccn0cyqlzw27nlqjfsl4m,1646146785743,0x58dcd79bec1777cf6855fd2afb1df2dbfa8d1ecfd0fd7be7e7aad0eaaeab83a0,318
ckb1qyqdffdqw3kavmsjgqepwhkedg2n8yks2wwszj6vpm,1626530898440,0x9ddf6060ab4f746f8c43fc50871eb84e5222b19b3a8f90b49cb7aa03c4bea91f,314
ckb1qyqwd04ljvu4fvm2d2cd2a6dqh4lrxqcq9vsue3ldh,1608750151896,0x9556b305285140a8360c15102f620c6a492dd84e97df7d89b0b7490b4528388a,311
ckb1qyqp62atzxnekup5epk4ypfm8cu7mwala6zske7u38,1605518472092,0xd9e723bb44f79278e24cc230ceb32f00b2e4e919939fad68577e0b64f014cd2e,310
ckb1qyq0dnnrpc60g8txw9kshadkr9edhm0p6rmqdxznwj,1588974985610,0xceb15daa53045099a9efb3e72249f1bebcd870fa83d9871aa3e94c32893214f6,307
ckb1qyqvqm6hltr3zm9r04xyfx2960v652x87wlqmj87aj,1568126353427,0x4630f953619a6d6be1ccdc83f82f9a6d6cc2a9cc1d773821e244c76486cc1262,303
ckb1qyqf7ewv2x8d5u5q4frvcy6aqe0vrkmll93qqkvp0x,1504537868656,0x4179070f32af370e9792085554e62380f95a7eaa69c5af3016ea616e66fe9547,291
ckb1qyq8lku2urssm7a7cwfyu6jvwf0vs36k4wcq3kheks,1502667520482,0x6bfa5b544553e8bd489a52890d7dacb9ccdb7df59169d8ba7f9bb5b7d631372e,290
ckb1qyqps5ux5g76qa033lwwhjupjsye0f8ry8kqjuczp0,1497805703987,0xef68f44d5d1b923568d19e8bfbcf12c537bdc28318e13b0e1ac293c63555415e,289
ckb1qyqyar3luwvmha83kpuw4hmawx87uwnlrwxszpzl2p,1433905858954,0x9ac78b447c26331691e65ba03ed07e302ae9e3ca2ee47333b377f4154e41a645,277
ckb1qyq96leec8meaajy3p8cxmdnzdqnrmmjmussalnfaa,1424656456301,0x1d4bb068e0ba18e8e410dd60c7ae899323bf9b443dc9cf9d24ebcd322257c083,275
ckb1qyqy605ktqj3r7wy3q39jdjy3rj833shrz2q7pxacy,1411667074809,0x633e21864b354f7cc2a0c53ac333933552578f5787c9891f8610e93d1cb53f65,273
ckb1qyqp0q9cqau7ys3g02j99wlkkpy48zwdvpxqyk7p26,1400000000000,0x95eb4bb6223a153d6f4b10ee08086e85e215e0aa3080859ece670c4eef4b3764,270
ckb1qyq9y7h07vdp9shfe2elqkhkysgpuk8w2yeqfnhe5h,1355555555556,0xcfa72e7ef0ddca5689f92d923f41b19f81a2af1d42cb9039590d7ae536a7cc55,262
ckb1qyqw67xu9ndcck6uype64llhrhljw89yn0wqa0epyk,1300026462260,0x2d12b2b8086b1ac797b1ae063cb693fd3dffe1c0489ea51388caf31c9d808a72,251
ckb1qyqy2gxlc9jcm6uru3eevmhwtat7rpu8skfsz0e9yz,1263156811626,0xbbba716869bb03b6fa0fa03f140c3cee4785313c66ef9c36c5cdc62665c2da25,244
ckb1qyqq2zps8gw5vmpplksevmk37utlf5mu6mnqhhtfk2,1238293622409,0x60d363d3b5d7d3ec5b3435ace7c199a15e044403021935b7321a6dc4c432f119,239
ckb1qyqtqx0nusttghtyjvndv4tu7pkh5cyxtn7smfp3v2,1156962917175,0x37b1b6f22455fa32fd32af500c5be189aa3744e2549eb8d8f47228ecbbec3d1f,223
ckb1qyq9nc2w7pew7xgme7s0az785syljkkj2crqvc0ehn,1117524763092,0xe1f2eb8802e2234c013c088fcb7ea89f07cef8e5332cfac1beacd9ce58260698,216
ckb1qyqd08upj9pe5l9w00kyp56xuydzt3kqnj5s6g3sdd,1074329757330,0xfd9fb1c00e80b7a6ebdfd7889b3ea502bac8f0eb45b36bdec34fd6a7f0851949,207
ckb1qyqgvs20q5n706cd5ls7zx4c3jmcayy90yaq6kl0cw,967491825617,0x2b4ace15f00046011069c21511c0541d1be48b2c04fa815e627d2ce156299d9a,187
ckb1qyqtdtpe2lx7p3cejdd7p7vsfjs76nz7q7dsmf0vyj,914412706646,0xbf9040637ab7e369bac50ffb7fa17b2f9f7c2cbe9c1a6e7c00f6e5becae43879,176
ckb1qyqz5paqynclhsekdykfy449xq78x25qpwxsqerwpx,899118274097,0x59092071148350837790268077b94548cddaa6204c8dab3309d2284356c121fd,173
ckb1qyqzz089fk6vzun584vwp9r2tg3vp95vzt3ss40c9p,896169052405,0xa736f6057a58de260ead840f85e712f2a5e9bf8039ead3c29d3bd1853638de20,173
ckb1qyqfsdamcvsx2kqn2unhxtx53wrx05kx283sxfqtse,895579747617,0x14a4e9e0a630856ce5196f13bbca4fb8144e37daf171547c095e82de133b1ed0,173
ckb1qyq92qf7vk2vh27qmpd2wzugyq6agap5ca8q7ndwua,837233071700,0xfb9e6570bd41b24a097331f0d7e2561a03679289ff9191b4c0b2638887552288,161
ckb1qyqypew8k70uyddk8hw83dnglq3mxslk6s6svvenj6,791598564581,0x53fd46968088447d8c64c1ac9a2209481e45adaccf8322244016ee8e1d3c822b,153
ckb1qyqp2zetnr0x2gk0qhtp53ts99r2g2ushv4s96srer,772168400319,0x3152755f6ccaf3e5f9e489ce879fe82f66b52b3590fb86952cd247619b59ec24,149
ckb1qyqr0t9la7d7m932h6umnp573lylqref3llqtnnjhl,747503129176,0x78cef240ebe607844f251c661b18aa4c95fe19e8ed89f8503b885b6fd545f373,144
ckb1qyq09d4xezt5k0ccjldjvnwnksf77a8h6zpqcv520p,723298462513,0x5218c261213e0456aa87733557e3ad6d74f09429f68857d0bc788e5ad371954e,139
ckb1qyqquuc2cg6em5xza3drpwef4y78rx8fq72sqjmc7d,711409683927,0x111b563973360c048ba0066f4806142f7cca0463d8390119dd4fda436e7e0d14,137
ckb1qyq0ckqdcugm7dyql543lryd0p6fwnnr7fess7h6vw,665771899583,0xd219d3d15fc5915285e6c180ee040d365da6f75d99d1c52433dabda221b545f6,128
ckb1qyqg7wknllep58y2fa6mv5kghtn5l4e8xauqtqkq3j,657436711968,0x752d899db05988d445b6dcf12763d0f13c63c59083c6109cf08bd437caec66a5,127
ckb1qyqqwk2fz4j3ahcmztqk9a6zzyhulayml8rsw3ey0g,653539054740,0x92ff866550088773687b1d96392e5e43ee0d112e51eeb2680c5942c7a61a06a3,126
ckb1qyq96xh2z3xpghclw7435ek9s30wunzy6zhs3302jf,646873917957,0x2ad9ee50fdd947a1aa70ebe6504377912427ade3a9dabba3810b068bbac0cb39,125
ckb1qyqdwqaazrkrt4e5svk2nuhfxp595h543dfq47rmrj,628964821222,0x16e4800888d75320aedb74a9cdf3e8e5b9831bd0cdac8410856441b616b8a152,121
ckb1qyqyrzkyfpdrm05zyyepkfykx88cfydnrlgsryfcfk,608333333332,0xa4c2b8c1a39289f1fae9e4f4656be94994128381e184d7533edf7e7f3f0e1a4e,117
ckb1qyqd92p7fd2yp49m2sq22jzum8w7emwqs7ds6hz4ls,601574652745,0x3e40e2877df617e1af56d8e3984397250fe903f808bd63d2f689ac6d68e2eb37,116
ckb1qyqy94l7wytuwy4j3c686zy9v08zkga9hw6ql7zr7w,596083053754,0x8f8212dbf6c1b85b4703a4ea851f2fa376c9cc71f7218ff15bfac4c45adbf89c,115
ckb1qyq8jakxh4vzpyf4eqx7fulcqzxsqf53gm9qkq5vjc,589057431099,0x1205c456d6bb9cb96a6269cb6f7373118c6e190ef971eb3291fade1f638eda8d,113
ckb1qyqyte45xkzfdj7vgf9e3rna0y6hg5m4dm4qa6qagd,575301891091,0x80c77d2657bb60d238804812305d5bef19f7a351f4ae91e7fae161dc398fe4ec,111
ckb1qyqq6dkntrwtp5c5fk3uep05lztrlmuwea8svwtqsz,555555555556,0x52cf2e90a3dc1af9865c0bc4121d67c614b433d139bc5e4c48b513d8e78142a8,107
ckb1qyqqgh4c66uj4m7hecsls9c788kgu5dnysyq2phu0n,547439732488,0x181dc798321e4d06bc143bc9b7727287a0f91f2efd5eafcadc26ccfee82149e3,105
ckb1qyqg787cvvkh7kxute0r2fw3ds7cglklhm7q459d0l,546594982079,0x151e9073716b5a36d3b5e185a73a9be0b995c0a16cdf32bed75e84b613f43c86,105
ckb1qyq2nmgn46gzlze73q2re5l3cjwuw9lpfucqp7pkrd,521518640352,0x0b0f305198add04aac23a91aabb9d01ce1789f82b306a78b8ed1f72d5f5ea6cf,100
ckb1qyqw7taa8mxgpa9rrl6ky62r74a9cllyxsjs89nx09,520909928283,0x03f7add68b7412a6cf3efc1702bc7a34e80c85eecb52d23fb7781bb5c33b76ca,100
ckb1qyq8m92xdccz6cjtsz9qy5vhpzrpsmlzk7xs3gfvew,512532972353,0xe32777f6d025e1c6708f15d625c333760c5a5c9fd34380d9145340da5a919d41,99
ckb1qyqttgn7dvqaxzgntvrq388pj23x0n4d4r4qd7v22d,508333333333,0xe0009e37f18380f057720063081ae40e8de401157d0c353f9747c47da4b5ab03,98
ckb1qyqg5k3ax060ag62f3lf9za6f39f70l95wqs3p5l9x,502729648606,0xe5acff0d097f1c033e9f04b89325f6e3f81c26146cbc02908b74bb13c8ec686e,97
ckb1qyqzgsqjwp92wu6qe9mf2gwvukw7mt9zqldq3h0h6n,484578638456,0x5a22d68b1daaba8cd64d8f32b0cb90d9b4af3efa9d3262d8508a724d5b76db5d,93
ckb1qyqv6mf8qmqsn3jp75dkh3uh96aduxpsj24q3kmpd6,477777777779,0xf1f1e75cb5b40dbf86b85f09e2e249ab2bf1905f3064b05733a14deadc8214ab,92
ckb1qyqvxkmlf34rmuarvq2pctprt09sf2lnvk6satyd97,468683804054,0x112f4774c0b96ec8a2e00d773e5c9d47f6d57496d53a70cf2d347e9e09fa6afc,90
ckb1qyqvjf8vzztfkq9wvc2509lx38j2qcwnrkcq0ydxud,451234616079,0x9f2fe1dd86cffc140e4548711bb353f56f8728542037d76b0ede20105b3fad52,87
ckb1qyqt2vstf8suzuvrs422c9wsdt798uxjfzes7j7u5y,445962107904,0xb5108a4488c0af1e639919b22e86c16bf51e6220f691c80d3c8d01fc117fb303,86
ckb1qyq9cv0gkur0r6tczg3sc3taccfcpx0emm6q3975eg,437668244686,0xa6c76d77ba72919096c99b7af23ed2cca67876686ea99609a9681c30e61de8cb,84
ckb1qyqynpltj6kms0snlkmzh7cd4rvs0g35kz3qczqssf,416666666668,0x10e7289fbbce4cd267ebd35663d26a939869f1d29c5fcbc471528433af6dabe9,80
ckb1qyq2gjqg3wp5heuuamnsd935dlgattc7q88s8gkufl,416666666666,0x7ca4abb4d1e1f22db38da1c4e31f7de86875d1b012041f1978b0172be30bb85e,80
ckb1qyqvxs5pcfxclvwlqernde9tdnnfrfml6v0smvfvq0,416469238749,0x831b5c8bc5f370379e2ccbfe5e0bd4e4965bda7f376e30ca00af707f34277783,80
ckb1qyqft07awrphwayjuh9kdsws7trq6hhehtdq39sq78,413230379297,0x8dd1a6785493ba2560c983ce6fa96506ee356da79da074385c75884a2bc18770,79
ckb1qyq0rndx9wvl6m8w7wqff99dn0j5myk90t5qdnsl80,405397822916,0xdabaa0ede57138708211fecbc0b7ecdf88138dacd5158a33744c09650fe205cb,78
