1,ckb1qyq9gf7fslxj0tas0evm85jf4wd2q2n3jhusvl8sgq,0x3e6ba7b2e8923217dfdc45f737f59f376554d428d2182a0a612318711e00f4b7
2,ckb1qyq9gf7fslxj0tas0evm85jf4wd2q2n3jhusvl8sgq,0x3e6ba7b2e8923217dfdc45f737f59f376554d428d2182a0a612318711e00f4b7
3,ckb1qyq9gf7fslxj0tas0evm85jf4wd2q2n3jhusvl8sgq,0x3e6ba7b2e8923217dfdc45f737f59f376554d428d2182a0a612318711e00f4b7
4,ckb1qyq9gf7fslxj0tas0evm85jf4wd2q2n3jhusvl8sgq,0x3e6ba7b2e8923217dfdc45f737f59f376554d428d2182a0a612318711e00f4b7
5,ckb1qyqqqqdvcutavsjwumhamp8qckl0hrjy4zwqzlw9pc,0xf7a985f3a6e9e78a2bf6c9db11ebbb17fb677581977435c2b61f5d729ac461d8
6,ckb1qyqqqqdvcutavsjwumhamp8qckl0hrjy4zwqzlw9pc,0xf7a985f3a6e9e78a2bf6c9db11ebbb17fb677581977435c2b61f5d729ac461d8
7,ckb1qyqd0vgxmwsdykxl2zhnz20vvejg7zdvy3rsyva4qx,0xa17d8f64c20e5224671af2a2d529fd9c5b518f23261164195fc4113078f8ae26
8,ckb1qyqd0vgxmwsdykxl2zhnz20vvejg7zdvy3rsyva4qx,0xa17d8f64c20e5224671af2a2d529fd9c5b518f23261164195fc4113078f8ae26
9,ckb1qyqd0vgxmwsdykxl2zhnz20vvejg7zdvy3rsyva4qx,0xa17d8f64c20e5224671af2a2d529fd9c5b518f23261164195fc4113078f8ae26
10,ckb1qyqd0vgxmwsdykxl2zhnz20vvejg7zdvy3rsyva4qx,0xa17d8f64c20e5224671af2a2d529fd9c5b518f23261164195fc4113078f8ae26
11,ckb1qyqd0vgxmwsdykxl2zhnz20vvejg7zdvy3rsyva4qx,0xa17d8f64c20e5224671af2a2d529fd9c5b518f23261164195fc4113078f8ae26
12,ckb1qyqd0vgxmwsdykxl2zhnz20vvejg7zdvy3rsyva4qx,0xa17d8f64c20e5224671af2a2d529fd9c5b518f23261164195fc4113078f8ae26
13,ckb1qyqvxkmlf34rmuarvq2pctprt09sf2lnvk6satyd97,0xfadbcb4414f4fb4151b53e6b785a0356ef18fff5721cfaffb314d488c488321a
14,ckb1qyq052ezneq9nn8qkp5tnv0z5uekmplpg5xqc9zpdy,0x958c3b2490661f43a6773c168007ca10cc7730c7d176afb62e0922facf83c9ea
15,ckb1qyqd0vgxmwsdykxl2zhnz20vvejg7zdvy3rsyva4qx,0xa17d8f64c20e5224671af2a2d529fd9c5b518f23261164195fc4113078f8ae26
16,ckb1qyq052ezneq9nn8qkp5tnv0z5uekmplpg5xqc9zpdy,0x958c3b2490661f43a6773c168007ca10cc7730c7d176afb62e0922facf83c9ea
17,ckb1qyq9gf7fslxj0tas0evm85jf4wd2q2n3jhusvl8sgq,0x3e6ba7b2e8923217dfdc45f737f59f376554d428d2182a0a612318711e00f4b7
18,ckb1qyq9gf7fslxj0tas0evm85jf4wd2q2n3jhusvl8sgq,0x3e6ba7b2e8923217dfdc45f737f59f376554d428d2182a0a612318711e00f4b7
19,ckb1qyq9gf7fslxj0tas0evm85jf4wd2q2n3jhusvl8sgq,0x3e6ba7b2e8923217dfdc45f737f59f376554d428d2182a0a612318711e00f4b7
20,ckb1qyqqqqdvcutavsjwumhamp8qckl0hrjy4zwqzlw9pc,0xf7a985f3a6e9e78a2bf6c9db11ebbb17fb677581977435c2b61f5d729ac461d8
21,ckb1qyq9gf7fslxj0tas0evm85jf4wd2q2n3jhusvl8sgq,0x3e6ba7b2e8923217dfdc45f737f59f376554d428d2182a0a612318711e00f4b7
22,ckb1qyq9gf7fslxj0tas0evm85jf4wd2q2n3jhusvl8sgq,0x3e6ba7b2e8923217dfdc45f737f59f376554d428d2182a0a612318711e00f4b7
23,ckb1qyq9gf7fslxj0tas0evm85jf4wd2q2n3jhusvl8sgq,0x3e6ba7b2e8923217dfdc45f737f59f376554d428d2182a0a612318711e00f4b7
24,ckb1qyq9gf7fslxj0tas0evm85jf4wd2q2n3jhusvl8sgq,0x3e6ba7b2e8923217dfdc45f737f59f376554d428d2182a0a612318711e00f4b7
25,ckb1qyqd0vgxmwsdykxl2zhnz20vvejg7zdvy3rsyva4qx,0xa17d8f64c20e5224671af2a2d529fd9c5b518f23261164195fc4113078f8ae26
26,ckb1qyq9gf7fslxj0tas0evm85jf4wd2q2n3jhusvl8sgq,0x3e6ba7b2e8923217dfdc45f737f59f376554d428d2182a0a612318711e00f4b7
27,ckb1qyq9gf7fslxj0tas0evm85jf4wd2q2n3jhusvl8sgq,0x3e6ba7b2e8923217dfdc45f737f59f376554d428d2182a0a612318711e00f4b7
28,ckb1qyq9gf7fslxj0tas0evm85jf4wd2q2n3jhusvl8sgq,0x3e6ba7b2e8923217dfdc45f737f59f376554d428d2182a0a612318711e00f4b7
29,ckb1qyq9gf7fslxj0tas0evm85jf4wd2q2n3jhusvl8sgq,0x3e6ba7b2e8923217dfdc45f737f59f376554d428d2182a0a612318711e00f4b7
30,ckb1qyqd0vgxmwsdykxl2zhnz20vvejg7zdvy3rsyva4qx,0xa17d8f64c20e5224671af2a2d529fd9c5b518f23261164195fc4113078f8ae26
31,ckb1qyq9gf7fslxj0tas0evm85jf4wd2q2n3jhusvl8sgq,0x3e6ba7b2e8923217dfdc45f737f59f376554d428d2182a0a612318711e00f4b7
32,ckb1qyqd0vgxmwsdykxl2zhnz20vvejg7zdvy3rsyva4qx,0xa17d8f64c20e5224671af2a2d529fd9c5b518f23261164195fc4113078f8ae26
33,ckb1qyqd0vgxmwsdykxl2zhnz20vvejg7zdvy3rsyva4qx,0xa17d8f64c20e5224671af2a2d529fd9c5b518f23261164195fc4113078f8ae26
34,ckb1qyq9gf7fslxj0tas0evm85jf4wd2q2n3jhusvl8sgq,0x3e6ba7b2e8923217dfdc45f737f59f376554d428d2182a0a612318711e00f4b7
35,ckb1qyqd0vgxmwsdykxl2zhnz20vvejg7zdvy3rsyva4qx,0xa17d8f64c20e5224671af2a2d529fd9c5b518f23261164195fc4113078f8ae26
36,ckb1qyqd0vgxmwsdykxl2zhnz20vvejg7zdvy3rsyva4qx,0xa17d8f64c20e5224671af2a2d529fd9c5b518f23261164195fc4113078f8ae26
37,ckb1qyq9gf7fslxj0tas0evm85jf4wd2q2n3jhusvl8sgq,0x3e6ba7b2e8923217dfdc45f737f59f376554d428d2182a0a612318711e00f4b7
38,ckb1qyqd0vgxmwsdykxl2zhnz20vvejg7zdvy3rsyva4qx,0xa17d8f64c20e5224671af2a2d529fd9c5b518f23261164195fc4113078f8ae26
39,ckb1qyq9gf7fslxj0tas0evm85jf4wd2q2n3jhusvl8sgq,0x3e6ba7b2e8923217dfdc45f737f59f376554d428d2182a0a612318711e00f4b7
40,ckb1qyq9gf7fslxj0tas0evm85jf4wd2q2n3jhusvl8sgq,0x3e6ba7b2e8923217dfdc45f737f59f376554d428d2182a0a612318711e00f4b7
41,ckb1qyqd0vgxmwsdykxl2zhnz20vvejg7zdvy3rsyva4qx,0xa17d8f64c20e5224671af2a2d529fd9c5b518f23261164195fc4113078f8ae26
42,ckb1qyqd0vgxmwsdykxl2zhnz20vvejg7zdvy3rsyva4qx,0xa17d8f64c20e5224671af2a2d529fd9c5b518f23261164195fc4113078f8ae26
43,ckb1qyqd0vgxmwsdykxl2zhnz20vvejg7zdvy3rsyva4qx,0xa17d8f64c20e5224671af2a2d529fd9c5b518f23261164195fc4113078f8ae26
44,ckb1qyqd0vgxmwsdykxl2zhnz20vvejg7zdvy3rsyva4qx,0xa17d8f64c20e5224671af2a2d529fd9c5b518f23261164195fc4113078f8ae26
45,ckb1qyq9gf7fslxj0tas0evm85jf4wd2q2n3jhusvl8sgq,0x3e6ba7b2e8923217dfdc45f737f59f376554d428d2182a0a612318711e00f4b7
46,ckb1qyq9gf7fslxj0tas0evm85jf4wd2q2n3jhusvl8sgq,0x3e6ba7b2e8923217dfdc45f737f59f376554d428d2182a0a612318711e00f4b7
47,ckb1qyqd0vgxmwsdykxl2zhnz20vvejg7zdvy3rsyva4qx,0xa17d8f64c20e5224671af2a2d529fd9c5b518f23261164195fc4113078f8ae26
48,ckb1qyq9gf7fslxj0tas0evm85jf4wd2q2n3jhusvl8sgq,0x3e6ba7b2e8923217dfdc45f737f59f376554d428d2182a0a612318711e00f4b7
49,ckb1qyqd0vgxmwsdykxl2zhnz20vvejg7zdvy3rsyva4qx,0xa17d8f64c20e5224671af2a2d529fd9c5b518f23261164195fc4113078f8ae26
50,ckb1qyq9gf7fslxj0tas0evm85jf4wd2q2n3jhusvl8sgq,0x3e6ba7b2e8923217dfdc45f737f59f376554d428d2182a0a612318711e00f4b7
51,ckb1qyqd0vgxmwsdykxl2zhnz20vvejg7zdvy3rsyva4qx,0xa17d8f64c20e5224671af2a2d529fd9c5b518f23261164195fc4113078f8ae26
52,ckb1qyq9gf7fslxj0tas0evm85jf4wd2q2n3jhusvl8sgq,0x3e6ba7b2e8923217dfdc45f737f59f376554d428d2182a0a612318711e00f4b7
53,ckb1qyqd0vgxmwsdykxl2zhnz20vvejg7zdvy3rsyva4qx,0xa17d8f64c20e5224671af2a2d529fd9c5b518f23261164195fc4113078f8ae26
54,ckb1qyq9gf7fslxj0tas0evm85jf4wd2q2n3jhusvl8sgq,0x3e6ba7b2e8923217dfdc45f737f59f376554d428d2182a0a612318711e00f4b7
55,ckb1qyqd0vgxmwsdykxl2zhnz20vvejg7zdvy3rsyva4qx,0xa17d8f64c20e5224671af2a2d529fd9c5b518f23261164195fc4113078f8ae26
56,ckb1qyq9gf7fslxj0tas0evm85jf4wd2q2n3jhusvl8sgq,0x3e6ba7b2e8923217dfdc45f737f59f376554d428d2182a0a612318711e00f4b7
57,ckb1qyqd0vgxmwsdykxl2zhnz20vvejg7zdvy3rsyva4qx,0xa17d8f64c20e5224671af2a2d529fd9c5b518f23261164195fc4113078f8ae26
58,ckb1qyqd0vgxmwsdykxl2zhnz20vvejg7zdvy3rsyva4qx,0xa17d8f64c20e5224671af2a2d529fd9c5b518f23261164195fc4113078f8ae26
59,ckb1qyqd0vgxmwsdykxl2zhnz20vvejg7zdvy3rsyva4qx,0xa17d8f64c20e5224671af2a2d529fd9c5b518f23261164195fc4113078f8ae26
60,ckb1qyqd0vgxmwsdykxl2zhnz20vvejg7zdvy3rsyva4qx,0xa17d8f64c20e5224671af2a2d529fd9c5b518f23261164195fc4113078f8ae26
61,ckb1qyq9gf7fslxj0tas0evm85jf4wd2q2n3jhusvl8sgq,0x3e6ba7b2e8923217dfdc45f737f59f376554d428d2182a0a612318711e00f4b7
62,ckb1qyq9gf7fslxj0tas0evm85jf4wd2q2n3jhusvl8sgq,0x3e6ba7b2e8923217dfdc45f737f59f376554d428d2182a0a612318711e00f4b7
63,ckb1qyq9gf7fslxj0tas0evm85jf4wd2q2n3jhusvl8sgq,0x3e6ba7b2e8923217dfdc45f737f59f376554d428d2182a0a612318711e00f4b7
64,ckb1qyq9gf7fslxj0tas0evm85jf4wd2q2n3jhusvl8sgq,0x3e6ba7b2e8923217dfdc45f737f59f376554d428d2182a0a612318711e00f4b7
65,ckb1qyqd0vgxmwsdykxl2zhnz20vvejg7zdvy3rsyva4qx,0xa17d8f64c20e5224671af2a2d529fd9c5b518f23261164195fc4113078f8ae26
66,ckb1qyq9gf7fslxj0tas0evm85jf4wd2q2n3jhusvl8sgq,0x3e6ba7b2e8923217dfdc45f737f59f376554d428d2182a0a612318711e00f4b7
67,ckb1qyqd0vgxmwsdykxl2zhnz20vvejg7zdvy3rsyva4qx,0xa17d8f64c20e5224671af2a2d529fd9c5b518f23261164195fc4113078f8ae26
68,ckb1qyq9gf7fslxj0tas0evm85jf4wd2q2n3jhusvl8sgq,0x3e6ba7b2e8923217dfdc45f737f59f376554d428d2182a0a612318711e00f4b7
69,ckb1qyqd0vgxmwsdykxl2zhnz20vvejg7zdvy3rsyva4qx,0xa17d8f64c20e5224671af2a2d529fd9c5b518f23261164195fc4113078f8ae26
70,ckb1qyq9gf7fslxj0tas0evm85jf4wd2q2n3jhusvl8sgq,0x3e6ba7b2e8923217dfdc45f737f59f376554d428d2182a0a612318711e00f4b7
71,ckb1qyqd0vgxmwsdykxl2zhnz20vvejg7zdvy3rsyva4qx,0xa17d8f64c20e5224671af2a2d529fd9c5b518f23261164195fc4113078f8ae26
72,ckb1qyq9gf7fslxj0tas0evm85jf4wd2q2n3jhusvl8sgq,0x3e6ba7b2e8923217dfdc45f737f59f376554d428d2182a0a612318711e00f4b7
73,ckb1qyqd0vgxmwsdykxl2zhnz20vvejg7zdvy3rsyva4qx,0xa17d8f64c20e5224671af2a2d529fd9c5b518f23261164195fc4113078f8ae26
74,ckb1qyq9gf7fslxj0tas0evm85jf4wd2q2n3jhusvl8sgq,0x3e6ba7b2e8923217dfdc45f737f59f376554d428d2182a0a612318711e00f4b7
75,ckb1qyqd0vgxmwsdykxl2zhnz20vvejg7zdvy3rsyva4qx,0xa17d8f64c20e5224671af2a2d529fd9c5b518f23261164195fc4113078f8ae26
76,ckb1qyqqqqdvcutavsjwumhamp8qckl0hrjy4zwqzlw9pc,0xf7a985f3a6e9e78a2bf6c9db11ebbb17fb677581977435c2b61f5d729ac461d8
77,ckb1qyqqqqdvcutavsjwumhamp8qckl0hrjy4zwqzlw9pc,0xf7a985f3a6e9e78a2bf6c9db11ebbb17fb677581977435c2b61f5d729ac461d8
78,ckb1qyq9gf7fslxj0tas0evm85jf4wd2q2n3jhusvl8sgq,0x3e6ba7b2e8923217dfdc45f737f59f376554d428d2182a0a612318711e00f4b7
79,ckb1qyqd0vgxmwsdykxl2zhnz20vvejg7zdvy3rsyva4qx,0xa17d8f64c20e5224671af2a2d529fd9c5b518f23261164195fc4113078f8ae26
80,ckb1qyqqqqdvcutavsjwumhamp8qckl0hrjy4zwqzlw9pc,0xf7a985f3a6e9e78a2bf6c9db11ebbb17fb677581977435c2b61f5d729ac461d8
81,ckb1qyq052ezneq9nn8qkp5tnv0z5uekmplpg5xqc9zpdy,0x958c3b2490661f43a6773c168007ca10cc7730c7d176afb62e0922facf83c9ea
82,ckb1qyq99qnkfjx0sem3fztfwk9ps0yumn0jqlwsand3zc,0xa62a81d7f0b9d134053c2e0f55d660cdc6c5b7085062bf9c58b6f7b75eb04fcf
83,ckb1qyq052ezneq9nn8qkp5tnv0z5uekmplpg5xqc9zpdy,0x958c3b2490661f43a6773c168007ca10cc7730c7d176afb62e0922facf83c9ea
84,ckb1qyq052ezneq9nn8qkp5tnv0z5uekmplpg5xqc9zpdy,0x958c3b2490661f43a6773c168007ca10cc7730c7d176afb62e0922facf83c9ea
85,ckb1qyqdm8h0m375p9x9zakyl55hrdfjeyuq98fq5udy3g,0xae76417411615116e0907b856fd55544ae9347c1f83435d12bcc6b4f990e9614
86,ckb1qyq99qnkfjx0sem3fztfwk9ps0yumn0jqlwsand3zc,0xa62a81d7f0b9d134053c2e0f55d660cdc6c5b7085062bf9c58b6f7b75eb04fcf
87,ckb1qyq052ezneq9nn8qkp5tnv0z5uekmplpg5xqc9zpdy,0x958c3b2490661f43a6773c168007ca10cc7730c7d176afb62e0922facf83c9ea
